[debug] [2024-01-24T21:03:27.084Z] ----------------------------------------------------------------------
[debug] [2024-01-24T21:03:27.086Z] Command:       C:\Program Files\nodejs\node.exe C:\Users\katya\AppData\Roaming\npm\node_modules\firebase-tools\lib\bin\firebase.js init
[debug] [2024-01-24T21:03:27.086Z] CLI Version:   12.8.1
[debug] [2024-01-24T21:03:27.086Z] Platform:      win32
[debug] [2024-01-24T21:03:27.087Z] Node Version:  v18.17.0
[debug] [2024-01-24T21:03:27.088Z] Time:          Wed Jan 24 2024 22:03:27 GMT+0100 (Central European Standard Time)
[debug] [2024-01-24T21:03:27.088Z] ----------------------------------------------------------------------
[debug] 
[debug] [2024-01-24T21:03:27.168Z] > command requires scopes: ["email","openid","https://www.googleapis.com/auth/cloudplatformprojects.readonly","https://www.googleapis.com/auth/firebase","https://www.googleapis.com/auth/cloud-platform"]
[debug] [2024-01-24T21:03:27.169Z] > authorizing via signed-in user (kateryna.stelmakhova@gmail.com)
[info] 
     ######## #### ########  ######## ########     ###     ######  ########
     ##        ##  ##     ## ##       ##     ##  ##   ##  ##       ##
     ######    ##  ########  ######   ########  #########  ######  ######
     ##        ##  ##    ##  ##       ##     ## ##     ##       ## ##
     ##       #### ##     ## ######## ########  ##     ##  ######  ########

You're about to initialize a Firebase project in this directory:

  C:\Users\katya\Desktop\Vue.js Classes\flower_shop

Before we get started, keep in mind:

  * You are initializing within an existing Firebase project directory

